# JRE version: OpenJDK Runtime Environment (11.0.15+10) (build 11.0.15+10-Ubuntu-0ubuntu0.20.04.1)
# Java VM: OpenJDK 64-Bit Server VM (11.0.15+10-Ubuntu-0ubuntu0.20.04.1, mixed mode, sharing, tiered, compressed oops, g1 gc, linux-amd64)
Heap:
 garbage-first heap   total 368640K, used 220970K [0x0000000708400000, 0x0000000800000000)
  region size 1024K, 195 young (199680K), 13 survivors (13312K)
 Metaspace       used 64353K, capacity 66503K, committed 66768K, reserved 1107968K
  class space    used 7356K, capacity 8218K, committed 8320K, reserved 1048576K
GC Heap History (20 events):
Event: 1,353 GC heap before
{Heap before GC invocations=1 (full 0):
 garbage-first heap   total 256000K, used 156551K [0x0000000708400000, 0x0000000800000000)
  region size 1024K, 148 young (151552K), 3 survivors (3072K)
 Metaspace       used 12245K, capacity 12911K, committed 13056K, reserved 1060864K
  class space    used 1303K, capacity 1531K, committed 1536K, reserved 1048576K
}
Event: 1,360 GC heap after
{Heap after GC invocations=2 (full 0):
 garbage-first heap   total 256000K, used 10646K [0x0000000708400000, 0x0000000800000000)
  region size 1024K, 6 young (6144K), 6 survivors (6144K)
 Metaspace       used 12245K, capacity 12911K, committed 13056K, reserved 1060864K
  class space    used 1303K, capacity 1531K, committed 1536K, reserved 1048576K
}
Event: 1,984 GC heap before
{Heap before GC invocations=2 (full 0):
 garbage-first heap   total 256000K, used 156054K [0x0000000708400000, 0x0000000800000000)
  region size 1024K, 148 young (151552K), 6 survivors (6144K)
 Metaspace       used 19345K, capacity 20260K, committed 20480K, reserved 1067008K
  class space    used 2162K, capacity 2545K, committed 2560K, reserved 1048576K
}
Event: 1,991 GC heap after
{Heap after GC invocations=3 (full 0):
 garbage-first heap   total 256000K, used 13189K [0x0000000708400000, 0x0000000800000000)
  region size 1024K, 8 young (8192K), 8 survivors (8192K)
 Metaspace       used 19345K, capacity 20260K, committed 20480K, reserved 1067008K
  class space    used 2162K, capacity 2545K, committed 2560K, reserved 1048576K
}
Event: 2,027 GC heap before
{Heap before GC invocations=3 (full 0):
 garbage-first heap   total 256000K, used 30597K [0x0000000708400000, 0x0000000800000000)
  region size 1024K, 26 young (26624K), 8 survivors (8192K)
 Metaspace       used 20173K, capacity 21092K, committed 21552K, reserved 1069056K
  class space    used 2242K, capacity 2609K, committed 2688K, reserved 1048576K
}
Event: 2,033 GC heap after
{Heap after GC invocations=4 (full 0):
 garbage-first heap   total 256000K, used 12936K [0x0000000708400000, 0x0000000800000000)
  region size 1024K, 8 young (8192K), 8 survivors (8192K)
 Metaspace       used 20173K, capacity 21092K, committed 21552K, reserved 1069056K
  class space    used 2242K, capacity 2609K, committed 2688K, reserved 1048576K
}
Event: 2,212 GC heap before
{Heap before GC invocations=5 (full 0):
 garbage-first heap   total 256000K, used 118408K [0x0000000708400000, 0x0000000800000000)
  region size 1024K, 111 young (113664K), 8 survivors (8192K)
 Metaspace       used 23899K, capacity 24864K, committed 25264K, reserved 1071104K
  class space    used 2590K, capacity 2971K, committed 3072K, reserved 1048576K
}
Event: 2,220 GC heap after
{Heap after GC invocations=6 (full 0):
 garbage-first heap   total 307200K, used 15636K [0x0000000708400000, 0x0000000800000000)
  region size 1024K, 7 young (7168K), 7 survivors (7168K)
 Metaspace       used 23899K, capacity 24864K, committed 25264K, reserved 1071104K
  class space    used 2590K, capacity 2971K, committed 3072K, reserved 1048576K
}
Event: 2,766 GC heap before
{Heap before GC invocations=6 (full 0):
 garbage-first heap   total 307200K, used 167188K [0x0000000708400000, 0x0000000800000000)
  region size 1024K, 155 young (158720K), 7 survivors (7168K)
 Metaspace       used 29766K, capacity 30881K, committed 31024K, reserved 1077248K
  class space    used 3211K, capacity 3654K, committed 3712K, reserved 1048576K
}
Event: 2,770 GC heap after
{Heap after GC invocations=7 (full 0):
 garbage-first heap   total 307200K, used 18291K [0x0000000708400000, 0x0000000800000000)
  region size 1024K, 10 young (10240K), 10 survivors (10240K)
 Metaspace       used 29766K, capacity 30881K, committed 31024K, reserved 1077248K
  class space    used 3211K, capacity 3654K, committed 3712K, reserved 1048576K
}
Event: 3,349 GC heap before
{Heap before GC invocations=7 (full 0):
 garbage-first heap   total 307200K, used 135027K [0x0000000708400000, 0x0000000800000000)
  region size 1024K, 125 young (128000K), 10 survivors (10240K)
 Metaspace       used 34651K, capacity 35835K, committed 35920K, reserved 1081344K
  class space    used 3845K, capacity 4346K, committed 4352K, reserved 1048576K
}
Event: 3,359 GC heap after
{Heap after GC invocations=8 (full 0):
 garbage-first heap   total 307200K, used 19015K [0x0000000708400000, 0x0000000800000000)
  region size 1024K, 11 young (11264K), 11 survivors (11264K)
 Metaspace       used 34651K, capacity 35835K, committed 35920K, reserved 1081344K
  class space    used 3845K, capacity 4346K, committed 4352K, reserved 1048576K
}
Event: 4,083 GC heap before
{Heap before GC invocations=9 (full 0):
 garbage-first heap   total 307200K, used 185927K [0x0000000708400000, 0x0000000800000000)
  region size 1024K, 174 young (178176K), 11 survivors (11264K)
 Metaspace       used 42014K, capacity 43513K, committed 43856K, reserved 1087488K
  class space    used 4677K, capacity 5274K, committed 5376K, reserved 1048576K
}
Event: 4,092 GC heap after
{Heap after GC invocations=10 (full 0):
 garbage-first heap   total 307200K, used 23414K [0x0000000708400000, 0x0000000800000000)
  region size 1024K, 15 young (15360K), 15 survivors (15360K)
 Metaspace       used 42014K, capacity 43513K, committed 43856K, reserved 1087488K
  class space    used 4677K, capacity 5274K, committed 5376K, reserved 1048576K
}
Event: 5,001 GC heap before
{Heap before GC invocations=10 (full 0):
 garbage-first heap   total 307200K, used 192374K [0x0000000708400000, 0x0000000800000000)
  region size 1024K, 180 young (184320K), 15 survivors (15360K)
 Metaspace       used 49762K, capacity 51481K, committed 51792K, reserved 1095680K
  class space    used 5626K, capacity 6354K, committed 6400K, reserved 1048576K
}
Event: 5,012 GC heap after
{Heap after GC invocations=11 (full 0):
 garbage-first heap   total 307200K, used 28148K [0x0000000708400000, 0x0000000800000000)
  region size 1024K, 17 young (17408K), 17 survivors (17408K)
 Metaspace       used 49762K, capacity 51481K, committed 51792K, reserved 1095680K
  class space    used 5626K, capacity 6354K, committed 6400K, reserved 1048576K
}
Event: 5,660 GC heap before
{Heap before GC invocations=11 (full 0):
 garbage-first heap   total 307200K, used 195060K [0x0000000708400000, 0x0000000800000000)
  region size 1024K, 180 young (184320K), 17 survivors (17408K)
 Metaspace       used 57318K, capacity 59265K, committed 59344K, reserved 1101824K
  class space    used 6486K, capacity 7278K, committed 7296K, reserved 1048576K
}
Event: 5,670 GC heap after
{Heap after GC invocations=12 (full 0):
 garbage-first heap   total 368640K, used 33978K [0x0000000708400000, 0x0000000800000000)
  region size 1024K, 17 young (17408K), 17 survivors (17408K)
 Metaspace       used 57318K, capacity 59265K, committed 59344K, reserved 1101824K
  class space    used 6486K, capacity 7278K, committed 7296K, reserved 1048576K
}
Event: 5,813 GC heap before
{Heap before GC invocations=12 (full 0):
 garbage-first heap   total 368640K, used 69818K [0x0000000708400000, 0x0000000800000000)
  region size 1024K, 53 young (54272K), 17 survivors (17408K)
 Metaspace       used 58170K, capacity 60094K, committed 60240K, reserved 1101824K
  class space    used 6573K, capacity 7361K, committed 7424K, reserved 1048576K
}
Event: 5,822 GC heap after
{Heap after GC invocations=13 (full 0):
 garbage-first heap   total 368640K, used 35626K [0x0000000708400000, 0x0000000800000000)
  region size 1024K, 13 young (13312K), 13 survivors (13312K)
 Metaspace       used 58170K, capacity 60094K, committed 60240K, reserved 1101824K
  class space    used 6573K, capacity 7361K, committed 7424K, reserved 1048576K
}

