# JRE version: OpenJDK Runtime Environment (11.0.15+10) (build 11.0.15+10-Ubuntu-0ubuntu0.20.04.1)
# Java VM: OpenJDK 64-Bit Server VM (11.0.15+10-Ubuntu-0ubuntu0.20.04.1, mixed mode, sharing, tiered, compressed oops, g1 gc, linux-amd64)
Heap:
 garbage-first heap   total 307200K, used 192356K [0x0000000708400000, 0x0000000800000000)
  region size 1024K, 173 young (177152K), 8 survivors (8192K)
 Metaspace       used 50256K, capacity 52001K, committed 52176K, reserved 1095680K
  class space    used 5694K, capacity 6420K, committed 6528K, reserved 1048576K
GC Heap History (17 events):
Event: 0,345 GC heap before
{Heap before GC invocations=0 (full 0):
 garbage-first heap   total 256000K, used 24264K [0x0000000708400000, 0x0000000800000000)
  region size 1024K, 24 young (24576K), 0 survivors (0K)
 Metaspace       used 3314K, capacity 5734K, committed 6016K, reserved 1056768K
  class space    used 324K, capacity 551K, committed 640K, reserved 1048576K
}
Event: 0,351 GC heap after
{Heap after GC invocations=1 (full 0):
 garbage-first heap   total 256000K, used 7892K [0x0000000708400000, 0x0000000800000000)
  region size 1024K, 3 young (3072K), 3 survivors (3072K)
 Metaspace       used 3314K, capacity 5734K, committed 6016K, reserved 1056768K
  class space    used 324K, capacity 551K, committed 640K, reserved 1048576K
}
Event: 1,347 GC heap before
{Heap before GC invocations=1 (full 0):
 garbage-first heap   total 256000K, used 156372K [0x0000000708400000, 0x0000000800000000)
  region size 1024K, 148 young (151552K), 3 survivors (3072K)
 Metaspace       used 12293K, capacity 12916K, committed 13056K, reserved 1060864K
  class space    used 1305K, capacity 1531K, committed 1536K, reserved 1048576K
}
Event: 1,358 GC heap after
{Heap after GC invocations=2 (full 0):
 garbage-first heap   total 256000K, used 10953K [0x0000000708400000, 0x0000000800000000)
  region size 1024K, 6 young (6144K), 6 survivors (6144K)
 Metaspace       used 12293K, capacity 12916K, committed 13056K, reserved 1060864K
  class space    used 1305K, capacity 1531K, committed 1536K, reserved 1048576K
}
Event: 1,977 GC heap before
{Heap before GC invocations=2 (full 0):
 garbage-first heap   total 256000K, used 156361K [0x0000000708400000, 0x0000000800000000)
  region size 1024K, 148 young (151552K), 6 survivors (6144K)
 Metaspace       used 19322K, capacity 20272K, committed 20480K, reserved 1067008K
  class space    used 2157K, capacity 2545K, committed 2560K, reserved 1048576K
}
Event: 1,984 GC heap after
{Heap after GC invocations=3 (full 0):
 garbage-first heap   total 256000K, used 13093K [0x0000000708400000, 0x0000000800000000)
  region size 1024K, 9 young (9216K), 9 survivors (9216K)
 Metaspace       used 19322K, capacity 20272K, committed 20480K, reserved 1067008K
  class space    used 2157K, capacity 2545K, committed 2560K, reserved 1048576K
}
Event: 2,028 GC heap before
{Heap before GC invocations=3 (full 0):
 garbage-first heap   total 256000K, used 33573K [0x0000000708400000, 0x0000000800000000)
  region size 1024K, 30 young (30720K), 9 survivors (9216K)
 Metaspace       used 20262K, capacity 21168K, committed 21296K, reserved 1069056K
  class space    used 2251K, capacity 2609K, committed 2688K, reserved 1048576K
}
Event: 2,036 GC heap after
{Heap after GC invocations=4 (full 0):
 garbage-first heap   total 256000K, used 13012K [0x0000000708400000, 0x0000000800000000)
  region size 1024K, 8 young (8192K), 8 survivors (8192K)
 Metaspace       used 20262K, capacity 21168K, committed 21296K, reserved 1069056K
  class space    used 2251K, capacity 2609K, committed 2688K, reserved 1048576K
}
Event: 2,354 GC heap before
{Heap before GC invocations=5 (full 0):
 garbage-first heap   total 256000K, used 156372K [0x0000000708400000, 0x0000000800000000)
  region size 1024K, 148 young (151552K), 8 survivors (8192K)
 Metaspace       used 25932K, capacity 26971K, committed 27312K, reserved 1073152K
  class space    used 2852K, capacity 3271K, committed 3328K, reserved 1048576K
}
Event: 2,362 GC heap after
{Heap after GC invocations=6 (full 0):
 garbage-first heap   total 307200K, used 15060K [0x0000000708400000, 0x0000000800000000)
  region size 1024K, 10 young (10240K), 10 survivors (10240K)
 Metaspace       used 25932K, capacity 26971K, committed 27312K, reserved 1073152K
  class space    used 2852K, capacity 3271K, committed 3328K, reserved 1048576K
}
Event: 3,082 GC heap before
{Heap before GC invocations=6 (full 0):
 garbage-first heap   total 307200K, used 188116K [0x0000000708400000, 0x0000000800000000)
  region size 1024K, 180 young (184320K), 10 survivors (10240K)
 Metaspace       used 32235K, capacity 33364K, committed 33584K, reserved 1079296K
  class space    used 3467K, capacity 3941K, committed 3968K, reserved 1048576K
}
Event: 3,090 GC heap after
{Heap after GC invocations=7 (full 0):
 garbage-first heap   total 307200K, used 18353K [0x0000000708400000, 0x0000000800000000)
  region size 1024K, 14 young (14336K), 14 survivors (14336K)
 Metaspace       used 32235K, capacity 33364K, committed 33584K, reserved 1079296K
  class space    used 3467K, capacity 3941K, committed 3968K, reserved 1048576K
}
Event: 3,415 GC heap before
{Heap before GC invocations=7 (full 0):
 garbage-first heap   total 307200K, used 73649K [0x0000000708400000, 0x0000000800000000)
  region size 1024K, 69 young (70656K), 14 survivors (14336K)
 Metaspace       used 34659K, capacity 35848K, committed 35920K, reserved 1081344K
  class space    used 3854K, capacity 4347K, committed 4352K, reserved 1048576K
}
Event: 3,427 GC heap after
{Heap after GC invocations=8 (full 0):
 garbage-first heap   total 307200K, used 19324K [0x0000000708400000, 0x0000000800000000)
  region size 1024K, 11 young (11264K), 11 survivors (11264K)
 Metaspace       used 34659K, capacity 35848K, committed 35920K, reserved 1081344K
  class space    used 3854K, capacity 4347K, committed 4352K, reserved 1048576K
}
Event: 4,139 GC heap before
{Heap before GC invocations=9 (full 0):
 garbage-first heap   total 307200K, used 192380K [0x0000000708400000, 0x0000000800000000)
  region size 1024K, 180 young (184320K), 11 survivors (11264K)
 Metaspace       used 42242K, capacity 43779K, committed 44112K, reserved 1087488K
  class space    used 4705K, capacity 5340K, committed 5376K, reserved 1048576K
}
Event: 4,149 GC heap after
{Heap after GC invocations=10 (full 0):
 garbage-first heap   total 307200K, used 23396K [0x0000000708400000, 0x0000000800000000)
  region size 1024K, 15 young (15360K), 15 survivors (15360K)
 Metaspace       used 42242K, capacity 43779K, committed 44112K, reserved 1087488K
  class space    used 4705K, capacity 5340K, committed 5376K, reserved 1048576K
}
Event: 5,045 GC heap before
{Heap before GC invocations=10 (full 0):
 garbage-first heap   total 307200K, used 192356K [0x0000000708400000, 0x0000000800000000)
  region size 1024K, 180 young (184320K), 15 survivors (15360K)
 Metaspace       used 50256K, capacity 52001K, committed 52176K, reserved 1095680K
  class space    used 5694K, capacity 6420K, committed 6528K, reserved 1048576K
}

