# JRE version: OpenJDK Runtime Environment (11.0.15+10) (build 11.0.15+10-Ubuntu-0ubuntu0.20.04.1)
# Java VM: OpenJDK 64-Bit Server VM (11.0.15+10-Ubuntu-0ubuntu0.20.04.1, mixed mode, sharing, tiered, compressed oops, g1 gc, linux-amd64)
Heap:
 garbage-first heap   total 375808K, used 176446K [0x0000000708400000, 0x0000000800000000)
  region size 1024K, 163 young (166912K), 17 survivors (17408K)
 Metaspace       used 56864K, capacity 58758K, committed 59088K, reserved 1101824K
  class space    used 6445K, capacity 7236K, committed 7296K, reserved 1048576K
GC Heap History (18 events):
Event: 0,338 GC heap before
{Heap before GC invocations=0 (full 0):
 garbage-first heap   total 256000K, used 24264K [0x0000000708400000, 0x0000000800000000)
  region size 1024K, 24 young (24576K), 0 survivors (0K)
 Metaspace       used 3329K, capacity 5743K, committed 6016K, reserved 1056768K
  class space    used 329K, capacity 555K, committed 640K, reserved 1048576K
}
Event: 0,344 GC heap after
{Heap after GC invocations=1 (full 0):
 garbage-first heap   total 256000K, used 7968K [0x0000000708400000, 0x0000000800000000)
  region size 1024K, 3 young (3072K), 3 survivors (3072K)
 Metaspace       used 3329K, capacity 5743K, committed 6016K, reserved 1056768K
  class space    used 329K, capacity 555K, committed 640K, reserved 1048576K
}
Event: 1,395 GC heap before
{Heap before GC invocations=1 (full 0):
 garbage-first heap   total 256000K, used 156448K [0x0000000708400000, 0x0000000800000000)
  region size 1024K, 148 young (151552K), 3 survivors (3072K)
 Metaspace       used 12177K, capacity 12854K, committed 13056K, reserved 1060864K
  class space    used 1291K, capacity 1531K, committed 1536K, reserved 1048576K
}
Event: 1,401 GC heap after
{Heap after GC invocations=2 (full 0):
 garbage-first heap   total 256000K, used 10778K [0x0000000708400000, 0x0000000800000000)
  region size 1024K, 6 young (6144K), 6 survivors (6144K)
 Metaspace       used 12177K, capacity 12854K, committed 13056K, reserved 1060864K
  class space    used 1291K, capacity 1531K, committed 1536K, reserved 1048576K
}
Event: 2,164 GC heap before
{Heap before GC invocations=2 (full 0):
 garbage-first heap   total 256000K, used 156186K [0x0000000708400000, 0x0000000800000000)
  region size 1024K, 148 young (151552K), 6 survivors (6144K)
 Metaspace       used 19227K, capacity 20182K, committed 20480K, reserved 1067008K
  class space    used 2141K, capacity 2513K, committed 2560K, reserved 1048576K
}
Event: 2,170 GC heap after
{Heap after GC invocations=3 (full 0):
 garbage-first heap   total 256000K, used 12731K [0x0000000708400000, 0x0000000800000000)
  region size 1024K, 8 young (8192K), 8 survivors (8192K)
 Metaspace       used 19227K, capacity 20182K, committed 20480K, reserved 1067008K
  class space    used 2141K, capacity 2513K, committed 2560K, reserved 1048576K
}
Event: 2,226 GC heap before
{Heap before GC invocations=3 (full 0):
 garbage-first heap   total 256000K, used 34235K [0x0000000708400000, 0x0000000800000000)
  region size 1024K, 30 young (30720K), 8 survivors (8192K)
 Metaspace       used 20189K, capacity 21110K, committed 21296K, reserved 1069056K
  class space    used 2238K, capacity 2609K, committed 2688K, reserved 1048576K
}
Event: 2,234 GC heap after
{Heap after GC invocations=4 (full 0):
 garbage-first heap   total 256000K, used 13077K [0x0000000708400000, 0x0000000800000000)
  region size 1024K, 8 young (8192K), 8 survivors (8192K)
 Metaspace       used 20189K, capacity 21110K, committed 21296K, reserved 1069056K
  class space    used 2238K, capacity 2609K, committed 2688K, reserved 1048576K
}
Event: 2,510 GC heap before
{Heap before GC invocations=5 (full 0):
 garbage-first heap   total 256000K, used 156437K [0x0000000708400000, 0x0000000800000000)
  region size 1024K, 148 young (151552K), 8 survivors (8192K)
 Metaspace       used 25697K, capacity 26739K, committed 27056K, reserved 1073152K
  class space    used 2819K, capacity 3235K, committed 3328K, reserved 1048576K
}
Event: 2,517 GC heap after
{Heap after GC invocations=6 (full 0):
 garbage-first heap   total 307200K, used 15066K [0x0000000708400000, 0x0000000800000000)
  region size 1024K, 10 young (10240K), 10 survivors (10240K)
 Metaspace       used 25697K, capacity 26739K, committed 27056K, reserved 1073152K
  class space    used 2819K, capacity 3235K, committed 3328K, reserved 1048576K
}
Event: 3,154 GC heap before
{Heap before GC invocations=6 (full 0):
 garbage-first heap   total 307200K, used 184026K [0x0000000708400000, 0x0000000800000000)
  region size 1024K, 175 young (179200K), 10 survivors (10240K)
 Metaspace       used 31786K, capacity 32917K, committed 33072K, reserved 1079296K
  class space    used 3424K, capacity 3877K, committed 3968K, reserved 1048576K
}
Event: 3,161 GC heap after
{Heap after GC invocations=7 (full 0):
 garbage-first heap   total 307200K, used 17812K [0x0000000708400000, 0x0000000800000000)
  region size 1024K, 13 young (13312K), 13 survivors (13312K)
 Metaspace       used 31786K, capacity 32917K, committed 33072K, reserved 1079296K
  class space    used 3424K, capacity 3877K, committed 3968K, reserved 1048576K
}
Event: 3,636 GC heap before
{Heap before GC invocations=7 (full 0):
 garbage-first heap   total 307200K, used 82324K [0x0000000708400000, 0x0000000800000000)
  region size 1024K, 77 young (78848K), 13 survivors (13312K)
 Metaspace       used 34617K, capacity 35847K, committed 35920K, reserved 1081344K
  class space    used 3845K, capacity 4346K, committed 4352K, reserved 1048576K
}
Event: 3,663 GC heap after
{Heap after GC invocations=8 (full 0):
 garbage-first heap   total 307200K, used 18945K [0x0000000708400000, 0x0000000800000000)
  region size 1024K, 11 young (11264K), 11 survivors (11264K)
 Metaspace       used 34617K, capacity 35847K, committed 35920K, reserved 1081344K
  class space    used 3845K, capacity 4346K, committed 4352K, reserved 1048576K
}
Event: 4,438 GC heap before
{Heap before GC invocations=9 (full 0):
 garbage-first heap   total 307200K, used 192001K [0x0000000708400000, 0x0000000800000000)
  region size 1024K, 180 young (184320K), 11 survivors (11264K)
 Metaspace       used 42096K, capacity 43557K, committed 43856K, reserved 1087488K
  class space    used 4687K, capacity 5306K, committed 5376K, reserved 1048576K
}
Event: 4,448 GC heap after
{Heap after GC invocations=10 (full 0):
 garbage-first heap   total 307200K, used 23032K [0x0000000708400000, 0x0000000800000000)
  region size 1024K, 15 young (15360K), 15 survivors (15360K)
 Metaspace       used 42096K, capacity 43557K, committed 43856K, reserved 1087488K
  class space    used 4687K, capacity 5306K, committed 5376K, reserved 1048576K
}
Event: 5,505 GC heap before
{Heap before GC invocations=10 (full 0):
 garbage-first heap   total 307200K, used 191992K [0x0000000708400000, 0x0000000800000000)
  region size 1024K, 180 young (184320K), 15 survivors (15360K)
 Metaspace       used 50140K, capacity 51912K, committed 52176K, reserved 1095680K
  class space    used 5677K, capacity 6410K, committed 6528K, reserved 1048576K
}
Event: 5,515 GC heap after
{Heap after GC invocations=11 (full 0):
 garbage-first heap   total 375808K, used 27966K [0x0000000708400000, 0x0000000800000000)
  region size 1024K, 17 young (17408K), 17 survivors (17408K)
 Metaspace       used 50140K, capacity 51912K, committed 52176K, reserved 1095680K
  class space    used 5677K, capacity 6410K, committed 6528K, reserved 1048576K
}

